<?xml version="1.0" encoding="UTF-8"?>
<testng-results skipped="0" failed="0" ignored="0" total="1" passed="1">
  <reporter-output>
  </reporter-output>
  <suite name="Default suite" duration-ms="11718" started-at="2022-08-10T16:09:39 IST" finished-at="2022-08-10T16:09:51 IST">
    <groups>
    </groups>
    <test name="Default test" duration-ms="11718" started-at="2022-08-10T16:09:39 IST" finished-at="2022-08-10T16:09:51 IST">
      <class name="baresr_tokens_test.generate_tokens">
        <test-method status="PASS" signature="oauthAuthentication()[pri:0, instance:baresr_tokens_test.generate_tokens@467aecef]" name="oauthAuthentication" duration-ms="11604" started-at="2022-08-10T16:09:39 IST" finished-at="2022-08-10T16:09:51 IST">
          <reporter-output>
          </reporter-output>
        </test-method> <!-- oauthAuthentication -->
      </class> <!-- baresr_tokens_test.generate_tokens -->
    </test> <!-- Default test -->
  </suite> <!-- Default suite -->
</testng-results>
